[Parallel(n_jobs=10)]: Using backend LokyBackend with 10 concurrent workers.
/home/xlin/.local/lib/python3.6/site-packages/sklearn/svm/_base.py:977: ConvergenceWarning: Liblinear failed to converge, increase the number of iterations.
  "the number of iterations.", ConvergenceWarning)
/home/xlin/.local/lib/python3.6/site-packages/sklearn/svm/_base.py:977: ConvergenceWarning: Liblinear failed to converge, increase the number of iterations.
  "the number of iterations.", ConvergenceWarning)
/home/xlin/.local/lib/python3.6/site-packages/sklearn/svm/_base.py:977: ConvergenceWarning: Liblinear failed to converge, increase the number of iterations.
  "the number of iterations.", ConvergenceWarning)
/home/xlin/.local/lib/python3.6/site-packages/sklearn/svm/_base.py:977: ConvergenceWarning: Liblinear failed to converge, increase the number of iterations.
  "the number of iterations.", ConvergenceWarning)
/home/xlin/.local/lib/python3.6/site-packages/sklearn/svm/_base.py:977: ConvergenceWarning: Liblinear failed to converge, increase the number of iterations.
  "the number of iterations.", ConvergenceWarning)
/home/xlin/.local/lib/python3.6/site-packages/sklearn/svm/_base.py:977: ConvergenceWarning: Liblinear failed to converge, increase the number of iterations.
  "the number of iterations.", ConvergenceWarning)
/home/xlin/.local/lib/python3.6/site-packages/sklearn/svm/_base.py:977: ConvergenceWarning: Liblinear failed to converge, increase the number of iterations.
  "the number of iterations.", ConvergenceWarning)
/home/xlin/.local/lib/python3.6/site-packages/sklearn/svm/_base.py:977: ConvergenceWarning: Liblinear failed to converge, increase the number of iterations.
  "the number of iterations.", ConvergenceWarning)
/home/xlin/.local/lib/python3.6/site-packages/sklearn/svm/_base.py:977: ConvergenceWarning: Liblinear failed to converge, increase the number of iterations.
  "the number of iterations.", ConvergenceWarning)
[Parallel(n_jobs=10)]: Done  40 out of  40 | elapsed: 2210.6min finished
/home/xlin/.local/lib/python3.6/site-packages/sklearn/svm/_base.py:977: ConvergenceWarning: Liblinear failed to converge, increase the number of iterations.
  "the number of iterations.", ConvergenceWarning)
/home/xlin/.local/lib/python3.6/site-packages/sklearn/svm/_base.py:977: ConvergenceWarning: Liblinear failed to converge, increase the number of iterations.
  "the number of iterations.", ConvergenceWarning)
Traceback (most recent call last):
  File "run_models.py", line 67, in <module>
    best_lr = run_models('lr', feat_mat, labels, 'best_lr')
  File "run_models.py", line 48, in run_models
    pickle.dump(clf.best_estimator_, best_model_file)
TypeError: file must have a 'write' attribute
